<?xml version="1.0" encoding="UTF-8"?>
<beans xmlns="http://www.springframework.org/schema/beans"
       xmlns:xsi="http://www.w3.org/2001/XMLSchema-instance"
       xmlns:context="http://www.springframework.org/schema/context"
       xmlns:tx="http://www.springframework.org/schema/tx"
       xmlns:aop="http://www.springframework.org/schema/aop"
       xsi:schemaLocation="http://www.springframework.org/schema/beans
                           http://www.springframework.org/schema/beans/spring-beans.xsd
                           http://www.springframework.org/schema/mvc
                           http://www.springframework.org/schema/mvc/spring-mvc.xsd
                           http://www.springframework.org/schema/tx 
                           http://www.springframework.org/schema/tx/spring-tx-3.0.xsd
                           http://www.springframework.org/schema/context
                           http://www.springframework.org/schema/context/spring-context.xsd
       http://www.springframework.org/schema/aop http://www.springframework.org/schema/aop/spring-aop-3.2.xsd"> 

    <!-- Annotation Settings -->
    <tx:annotation-driven/>
    
    <!-- Database Connectivity Beans -->
    
    <bean id="dataSource"
          class="org.apache.commons.dbcp2.BasicDataSource">
        <property name="driverClassName" value="com.mysql.jdbc.Driver"/>
        <property name="url" value="jdbc:mysql://localhost:3306/HeroTrackerTest"/>
        <property name="username" value="root"/>
        <property name="password" value="root"/>
        <property name="initialSize" value="10"/>
        <property name="maxTotal" value="150"/>
    </bean>
    
    <bean id="transactionManager"
          class="org.springframework.jdbc.datasource.DataSourceTransactionManager">
        <property name="dataSource" ref="dataSource"/>
    </bean>
    
    <bean id="jdbcTemplate"
          class="org.springframework.jdbc.core.JdbcTemplate">
        <property name="dataSource" ref="dataSource"/>
    </bean>
    
    <!-- Real DAO Beans (For DAO Test Classes) -->
    
    <bean id="addressDao" class="com.sg.herotracker.dao.AddressDaoDbImpl">
        <constructor-arg ref="jdbcTemplate"/>
    </bean>
    
    <bean id="locationDao" class="com.sg.herotracker.dao.LocationDaoDbImpl">
        <constructor-arg ref="jdbcTemplate"/>
    </bean>

    <bean id="superPowerDao" class="com.sg.herotracker.dao.SuperPowerDaoDbImpl">
        <constructor-arg ref="jdbcTemplate"/>
    </bean>

    <bean id="heroDao" class="com.sg.herotracker.dao.HeroDaoDbImpl">
        <constructor-arg ref="jdbcTemplate"/>
    </bean>

    <bean id="orgDao" class="com.sg.herotracker.dao.OrganizationDaoDbImpl">
        <constructor-arg ref="jdbcTemplate"/>
    </bean>

    <bean id="sightingDao" class="com.sg.herotracker.dao.SightingDaoDbImpl">
        <constructor-arg ref="jdbcTemplate"/>
    </bean>

    <bean id="heroSightingDao" class="com.sg.herotracker.dao.HeroSightingDaoDbImpl">
        <constructor-arg ref="jdbcTemplate"/>
    </bean>

    <bean id="orgHeroDao" class="com.sg.herotracker.dao.OrganizationHeroDaoDbImpl">
        <constructor-arg ref="jdbcTemplate"/>
    </bean>
    
    <!-- Service Beans -->
    
    <bean id="heroService"
          class="com.sg.herotracker.service.HeroServiceImpl">
        <constructor-arg ref="addressDao"/>
        <constructor-arg ref="locationDao"/>
        <constructor-arg ref="superPowerDao"/>
        <constructor-arg ref="heroDao"/>
        <constructor-arg ref="orgDao"/>
        <constructor-arg ref="sightingDao"/>
        <constructor-arg ref="heroSightingDao"/>
        <constructor-arg ref="orgHeroDao"/>
    </bean>
    
    <bean id="sightingService"
          class="com.sg.herotracker.service.SightingServiceImpl">
        <constructor-arg ref="addressDao"/>
        <constructor-arg ref="locationDao"/>
        <constructor-arg ref="superPowerDao"/>
        <constructor-arg ref="heroDao"/>
        <constructor-arg ref="orgDao"/>
        <constructor-arg ref="sightingDao"/>
        <constructor-arg ref="heroSightingDao"/>
        <constructor-arg ref="orgHeroDao"/>
    </bean>
    
    <bean id="locationService"
          class="com.sg.herotracker.service.LocationServiceImpl">
        <constructor-arg ref="addressDao"/>
        <constructor-arg ref="locationDao"/>
        <constructor-arg ref="superPowerDao"/>
        <constructor-arg ref="heroDao"/>
        <constructor-arg ref="orgDao"/>
        <constructor-arg ref="sightingDao"/>
        <constructor-arg ref="heroSightingDao"/>
        <constructor-arg ref="orgHeroDao"/>
    </bean>
    
    <bean id="orgService"
          class="com.sg.herotracker.service.OrganizationServiceImpl">
        <constructor-arg ref="addressDao"/>
        <constructor-arg ref="locationDao"/>
        <constructor-arg ref="superPowerDao"/>
        <constructor-arg ref="heroDao"/>
        <constructor-arg ref="orgDao"/>
        <constructor-arg ref="sightingDao"/>
        <constructor-arg ref="heroSightingDao"/>
        <constructor-arg ref="orgHeroDao"/>
    </bean>
    
</beans>
